Performing C SOURCE FILE Test CMAKE_HAVE_LIBC_PTHREAD failed with the following output:
Change Dir: /home/lcy/workspace/linux-sgx/psw/ae/aesm_service/source/build/CMakeFiles/CMakeTmp

Run Build Command(s):/usr/bin/make cmTC_dd623/fast && make[4]: Entering directory '/home/lcy/workspace/linux-sgx/psw/ae/aesm_service/source/build/CMakeFiles/CMakeTmp'
/usr/bin/make -f CMakeFiles/cmTC_dd623.dir/build.make CMakeFiles/cmTC_dd623.dir/build
make[5]: Entering directory '/home/lcy/workspace/linux-sgx/psw/ae/aesm_service/source/build/CMakeFiles/CMakeTmp'
Building C object CMakeFiles/cmTC_dd623.dir/src.c.o
/usr/bin/cc   -DCMAKE_HAVE_LIBC_PTHREAD   -o CMakeFiles/cmTC_dd623.dir/src.c.o   -c /home/lcy/workspace/linux-sgx/psw/ae/aesm_service/source/build/CMakeFiles/CMakeTmp/src.c
Linking C executable cmTC_dd623
/usr/bin/cmake -E cmake_link_script CMakeFiles/cmTC_dd623.dir/link.txt --verbose=1
/usr/bin/cc  -DCMAKE_HAVE_LIBC_PTHREAD    -rdynamic CMakeFiles/cmTC_dd623.dir/src.c.o  -o cmTC_dd623 
/usr/local/bin/ld: CMakeFiles/cmTC_dd623.dir/src.c.o: in function `main':
src.c:(.text+0x46): undefined reference to `pthread_create'
/usr/local/bin/ld: src.c:(.text+0x52): undefined reference to `pthread_detach'
/usr/local/bin/ld: src.c:(.text+0x63): undefined reference to `pthread_join'
collect2: error: ld returned 1 exit status
make[5]: *** [CMakeFiles/cmTC_dd623.dir/build.make:87: cmTC_dd623] Error 1
make[5]: Leaving directory '/home/lcy/workspace/linux-sgx/psw/ae/aesm_service/source/build/CMakeFiles/CMakeTmp'
make[4]: *** [Makefile:121: cmTC_dd623/fast] Error 2
make[4]: Leaving directory '/home/lcy/workspace/linux-sgx/psw/ae/aesm_service/source/build/CMakeFiles/CMakeTmp'


Source file was:
#include <pthread.h>

void* test_func(void* data)
{
  return data;
}

int main(void)
{
  pthread_t thread;
  pthread_create(&thread, NULL, test_func, NULL);
  pthread_detach(thread);
  pthread_join(thread, NULL);
  pthread_atfork(NULL, NULL, NULL);
  pthread_exit(NULL);

  return 0;
}

Determining if the function pthread_create exists in the pthreads failed with the following output:
Change Dir: /home/lcy/workspace/linux-sgx/psw/ae/aesm_service/source/build/CMakeFiles/CMakeTmp

Run Build Command(s):/usr/bin/make cmTC_0d39b/fast && make[4]: Entering directory '/home/lcy/workspace/linux-sgx/psw/ae/aesm_service/source/build/CMakeFiles/CMakeTmp'
/usr/bin/make -f CMakeFiles/cmTC_0d39b.dir/build.make CMakeFiles/cmTC_0d39b.dir/build
make[5]: Entering directory '/home/lcy/workspace/linux-sgx/psw/ae/aesm_service/source/build/CMakeFiles/CMakeTmp'
Building C object CMakeFiles/cmTC_0d39b.dir/CheckFunctionExists.c.o
/usr/bin/cc   -DCHECK_FUNCTION_EXISTS=pthread_create   -o CMakeFiles/cmTC_0d39b.dir/CheckFunctionExists.c.o   -c /usr/share/cmake-3.16/Modules/CheckFunctionExists.c
Linking C executable cmTC_0d39b
/usr/bin/cmake -E cmake_link_script CMakeFiles/cmTC_0d39b.dir/link.txt --verbose=1
/usr/bin/cc  -DCHECK_FUNCTION_EXISTS=pthread_create    -rdynamic CMakeFiles/cmTC_0d39b.dir/CheckFunctionExists.c.o  -o cmTC_0d39b  -lpthreads 
/usr/local/bin/ld: cannot find -lpthreads
collect2: error: ld returned 1 exit status
make[5]: *** [CMakeFiles/cmTC_0d39b.dir/build.make:87: cmTC_0d39b] Error 1
make[5]: Leaving directory '/home/lcy/workspace/linux-sgx/psw/ae/aesm_service/source/build/CMakeFiles/CMakeTmp'
make[4]: *** [Makefile:121: cmTC_0d39b/fast] Error 2
make[4]: Leaving directory '/home/lcy/workspace/linux-sgx/psw/ae/aesm_service/source/build/CMakeFiles/CMakeTmp'



